{"error":"User validation failed: email: Path `email` is invalid (admin@localhost).","level":"error","message":"Seeding failed","service":"infosage-backend","timestamp":"2025-11-28T16:49:43.136Z"}
{"error":"User validation failed: email: Path `email` is invalid (admin@localhost).","level":"error","message":"Seeding failed","service":"infosage-backend","timestamp":"2025-11-28T16:49:49.292Z"}
{"error":"User validation failed: email: Path `email` is invalid (admin@localhost).","level":"error","message":"Seeding failed","service":"infosage-backend","timestamp":"2025-11-28T16:51:14.917Z"}
{"error":"Request failed with status code 410","level":"error","message":"HF API call failed","service":"infosage-backend","timestamp":"2025-11-28T19:24:17.712Z"}
{"level":"error","message":"Request error Cannot read properties of null (reading 'length')","path":"/api/claims","service":"infosage-backend","stack":"TypeError: Cannot read properties of null (reading 'length')\n    at file:///C:/Users/Anish/Downloads/infosage/backend/src/routes/claims.js:34:19\n    at process.processTicksAndRejections (node:internal/process/task_queues:105:5)","timestamp":"2025-11-28T19:24:17.715Z"}
{"error":"Request failed with status code 410","level":"error","message":"HF API call failed","service":"infosage-backend","timestamp":"2025-11-28T19:24:26.444Z"}
{"level":"error","message":"Request error Cannot read properties of null (reading 'length')","path":"/api/claims","service":"infosage-backend","stack":"TypeError: Cannot read properties of null (reading 'length')\n    at file:///C:/Users/Anish/Downloads/infosage/backend/src/routes/claims.js:34:19\n    at process.processTicksAndRejections (node:internal/process/task_queues:105:5)","timestamp":"2025-11-28T19:24:26.446Z"}
{"error":"Request failed with status code 410","level":"error","message":"HF API call failed","service":"infosage-backend","timestamp":"2025-11-28T19:24:59.518Z"}
{"level":"error","message":"Request error Cannot read properties of null (reading 'length')","path":"/api/claims","service":"infosage-backend","stack":"TypeError: Cannot read properties of null (reading 'length')\n    at file:///C:/Users/Anish/Downloads/infosage/backend/src/routes/claims.js:34:19\n    at process.processTicksAndRejections (node:internal/process/task_queues:105:5)","timestamp":"2025-11-28T19:24:59.519Z"}
{"error":"Request failed with status code 410","level":"error","message":"HF API call failed","service":"infosage-backend","timestamp":"2025-11-28T19:27:23.767Z"}
{"level":"error","message":"Request error Cannot read properties of null (reading 'length')","path":"/api/claims","service":"infosage-backend","stack":"TypeError: Cannot read properties of null (reading 'length')\n    at file:///C:/Users/Anish/Downloads/infosage/backend/src/routes/claims.js:34:19\n    at process.processTicksAndRejections (node:internal/process/task_queues:105:5)","timestamp":"2025-11-28T19:27:23.769Z"}
{"error":"Request failed with status code 410","level":"error","message":"HF API call failed","service":"infosage-backend","timestamp":"2025-11-28T19:28:08.860Z"}
{"level":"error","message":"Request error Cannot read properties of null (reading 'length')","path":"/api/claims","service":"infosage-backend","stack":"TypeError: Cannot read properties of null (reading 'length')\n    at file:///C:/Users/Anish/Downloads/infosage/backend/src/routes/claims.js:34:19\n    at process.processTicksAndRejections (node:internal/process/task_queues:105:5)","timestamp":"2025-11-28T19:28:08.861Z"}
{"level":"error","message":"All embedding retries failed","service":"infosage-backend","timestamp":"2025-11-28T20:48:44.886Z"}
{"error":"Request failed with status code 410","level":"error","message":"Text classification failed","service":"infosage-backend","timestamp":"2025-11-28T20:48:45.175Z"}
{"error":"Request failed with status code 410","level":"error","message":"Toxicity detection failed","service":"infosage-backend","timestamp":"2025-11-28T20:48:45.407Z"}
{"error":"Request failed with status code 410","level":"error","message":"All embedding retries failed","service":"infosage-backend","timestamp":"2025-11-28T20:56:10.760Z"}
{"data":{"error":"https://api-inference.huggingface.co is no longer supported. Please use https://router.huggingface.co instead."},"error":"Request failed with status code 410","level":"error","message":"Text classification failed","service":"infosage-backend","status":410,"timestamp":"2025-11-28T20:56:11.203Z"}
{"data":{"error":"https://api-inference.huggingface.co is no longer supported. Please use https://router.huggingface.co instead."},"error":"Request failed with status code 410","level":"error","message":"Toxicity detection failed","service":"infosage-backend","status":410,"timestamp":"2025-11-28T20:56:11.851Z"}
{"error":"Analysis validation failed: features.sentiment: `confusion` is not a valid enum value for path `features.sentiment`.","level":"error","message":"Claim analysis failed","service":"infosage-backend","timestamp":"2025-11-28T22:33:04.627Z"}
{"claimId":"692a231cc0a708967ff03e9a","error":"Analysis validation failed: features.sentiment: `confusion` is not a valid enum value for path `features.sentiment`.","level":"error","message":"Background analysis failed","service":"infosage-backend","timestamp":"2025-11-28T22:33:04.627Z"}
{"error":"Analysis validation failed: sources.1.type: `academic` is not a valid enum value for path `type`.","level":"error","message":"Claim analysis failed","service":"infosage-backend","timestamp":"2025-11-28T22:44:38.347Z"}
{"claimId":"692a25d05e05ce8159fa2e54","error":"Analysis validation failed: sources.1.type: `academic` is not a valid enum value for path `type`.","level":"error","message":"Background analysis failed","service":"infosage-backend","timestamp":"2025-11-28T22:44:38.348Z"}
{"error":"Analysis validation failed: sources.1.type: `academic` is not a valid enum value for path `type`.","level":"error","message":"Claim analysis failed","service":"infosage-backend","timestamp":"2025-11-28T22:44:52.997Z"}
{"claimId":"692a25df5e05ce8159fa2e9c","error":"Analysis validation failed: sources.1.type: `academic` is not a valid enum value for path `type`.","level":"error","message":"Background analysis failed","service":"infosage-backend","timestamp":"2025-11-28T22:44:52.997Z"}
{"error":"Analysis validation failed: features.sentiment: `confusion` is not a valid enum value for path `features.sentiment`.","level":"error","message":"Claim analysis failed","service":"infosage-backend","timestamp":"2025-11-28T23:09:08.405Z"}
{"claimId":"692a2b8b00290b3afb626f80","error":"Analysis validation failed: features.sentiment: `confusion` is not a valid enum value for path `features.sentiment`.","level":"error","message":"Background analysis failed","service":"infosage-backend","timestamp":"2025-11-28T23:09:08.405Z"}
{"error":"Analysis validation failed: features.sentiment: `confusion` is not a valid enum value for path `features.sentiment`.","level":"error","message":"Claim analysis failed","service":"infosage-backend","timestamp":"2025-11-28T23:09:25.608Z"}
{"claimId":"692a2b9b00290b3afb626fa0","error":"Analysis validation failed: features.sentiment: `confusion` is not a valid enum value for path `features.sentiment`.","level":"error","message":"Background analysis failed","service":"infosage-backend","timestamp":"2025-11-28T23:09:25.608Z"}
{"level":"error","message":"Request error User validation failed: email: Path `email` is invalid (admin@localhost).","path":"/api/auth/login","service":"infosage-backend","stack":"ValidationError: User validation failed: email: Path `email` is invalid (admin@localhost).\n    at Document.invalidate (D:\\infosage\\backend\\node_modules\\mongoose\\lib\\document.js:3362:32)\n    at D:\\infosage\\backend\\node_modules\\mongoose\\lib\\document.js:3123:17\n    at D:\\infosage\\backend\\node_modules\\mongoose\\lib\\schemaType.js:1446:9\n    at process.processTicksAndRejections (node:internal/process/task_queues:84:11)","timestamp":"2025-11-29T02:37:36.081Z"}
